
 Primary working directories    : /tmp/chmksa/
 Secondary working directories  : /tmp/chmksa/
 Wavefunction directory         : /users2/ds/chmksa/SurfaceHop/ethylene/
 Main file repository           : /tmp/chmksa/

 ARCHNAME  : Linux/x86_64
 FC        : /usr/pgi/linux86-64/7.0-7/bin/pgf90
 FCVERSION : 7.0-7
 BLASLIB   : -L/usr/pgi/linux86-64/7.0-7/lib -lacml_mv -lacml
 id        : leed

 Nodes     nprocs
 chmlin18     1

 Using customized tuning parameters: mindgm=480; mindgv=120; mindgc=240; mindgr=1; noblas=0; mincuda=1000; minvec=7
 default implementation of scratch files=df  

 ***,Ethylene
 memory,30,m;
  
 file,2,molpro.wfu;
 punch,molpro.pun;
  
                                                                  ! Explicit form of cc-pVDZ basis (general contractions optimised)
  basis={
                                                                                 !
                                                                                 ! HYDROGEN       (4s,1p) -> [2s,1p]
  s, H , 13.0100000, 1.9620000, 0.4446000
  c, 1.3, 0.0196850, 0.1379770, 0.4781480
  s, H ,  0.1220000
  c, 1.1, 1.0000000
                                                                                 !
  p, H ,  0.7270000
  c, 1.1, 1.0000000
                                                                                 !
                                                                                 !
                                                                                 ! CARBON       (9s,4p,1d) -> [3s,2p,1d]
  s, C , 6665.0000000, 1000.0000000, 228.0000000, 64.7100000, 21.0600000,  7.4950000,  2.7970000, 0.5215000
  c, 1.8,   0.0006920,    0.0053290,   0.0270770,  0.1017180,  0.2747400,  0.4485640,  0.2850740, 0.0152040
  s, C , 6665.0000000, 1000.0000000, 228.0000000, 64.7100000, 21.0600000,  7.4950000,  2.7970000, 0.5215000
  c, 1.8,  -0.0001460,   -0.0011540,  -0.0057250, -0.0233120, -0.0639550, -0.1499810, -0.1272620, 0.5445290
  s, C ,    0.1596000
  c, 1.1,   1.0000000
                                                                                 !
  p, C ,  9.4390000, 2.0020000, 0.5456000
  c, 1.3, 0.0381090, 0.2094800, 0.5085570
  p, C ,  0.1517000
  c, 1.1, 1.0000000
                                                                                 !
  d, C ,  0.5500000
  c, 1.1, 1.0000000
 }
  
 symmetry,nosym;
                                                                                 !orient,noorient;
 angstrom;
 geomtype=xyz;
 geometry={
 6
 ethylene
  C          0.67189660   -0.00000000    0.000000000
  C         -0.67189660   -0.00000000    0.000000000
  H          1.23693210    0.92382970    0.000000000
  H         -1.23693210    0.92382970    0.000000000
  H          1.23693210   -0.92382970    0.000000000
  H         -1.23693210   -0.92382970    0.000000000
 }
  
 {rhf;
  maxit,1000;
  save,2100.2;
 }
  
 {multi;
  occ,9;
  closed,7;
                                                                                 !frozen,2;
  pspace,10.0;
  wf,16,1,0;state,3;weight,1,1,1;
  orbital,2100.2;
  canonical,2140.2,ci;
  orbprint;
 }
  
 {multi;
  occ,9;
  closed,7;
                                                                                 !frozen,2;
  pspace,10.0;
  wf,16,1,0;state,3;weight,1,1,1;
  orbital,2140.2;
  canonical,2140.2,ci;
                                                                                 !orbprint;
  cpmcscf,grad,1.1,accu=1.0d-7;
 }
  
 {optg,gradient=1.d-4;
  coord,3n,norot;
 }
  
 {frequencies;
  print,hessian;
 }
  
 ---

 Variables initialized (660), CPU time= 0.02 sec
 Commands  initialized (462), CPU time= 0.02 sec, 486 directives.
 Default parameters read. Elapsed time= 0.08 sec

 Checking input...
 Passed
1


                                         ***  PROGRAM SYSTEM MOLPRO  ***
                         Copyright, University College Cardiff Consultants Limited, 2008

                                    Version 2010.1 linked 26 Oct 2011 22:57:12


 **********************************************************************************************************************************
 LABEL *   Ethylene                                                                      
 Linux-2.6.16.53-0.8-smp/chmlin18(x86_64) 64 bit serial version                          DATE: 28-Oct-11          TIME: 21:43:36  
 **********************************************************************************************************************************

 SHA1:             c82fc9886d3ef081defdb91dc08d0bb97a8ad3e0
 **********************************************************************************************************************************

 Variable memory set to   30000000 words,  buffer space   230000 words



 Permanent file  2  molpro.wfu       assigned.  Implementation=df  



 **********************************************************************************************************************************
 DATASETS  * FILE   NREC   LENGTH (MB)   RECORD NAMES
              2       1        0.07       500   
                                          VAR  

 PROGRAMS   *        TOTAL      FILE
 CPU TIMES  *         0.34      0.00
 REAL TIME  *         0.33 SEC
 DISK USED  *         0.07 MB      
 **********************************************************************************************************************************

 PUNCHFILE MOLPRO.PUN OPENED
 SETTING BASIS          =    USERDEF
 SETTING GEOMTYPE       =    XYZ
 ZSYMEL=NOSYM
 ZUNIT=ANG


Geometry recognized as XYZ



 Recomputing integrals since basis changed


 Using spherical harmonics


1PROGRAM * SEWARD (Integral evaluation for generally contracted gaussian basis sets)     Author: Roland Lindh, 1990

 Geometry written to block  1 of record 700


 Point group  C1  



 ATOMIC COORDINATES

 NR  ATOM    CHARGE       X              Y              Z

   1  C       6.00    1.269700563    0.000000000    0.000000000
   2  C       6.00   -1.269700563    0.000000000    0.000000000
   3  H       1.00    2.337462912    1.745785125    0.000000000
   4  H       1.00   -2.337462912    1.745785125    0.000000000
   5  H       1.00    2.337462912   -1.745785125    0.000000000
   6  H       1.00   -2.337462912   -1.745785125    0.000000000

 Bond lengths in Bohr (Angstrom)

 1-2  2.539401125  1-3  2.046431562  1-5  2.046431562  2-4  2.046431562  2-6  2.046431562
     ( 1.343793200)     ( 1.082924942)     ( 1.082924942)     ( 1.082924942)     ( 1.082924942)

 Bond angles

  1-2-4  121.45091529   1-2-6  121.45091529   2-1-3  121.45091529   2-1-5  121.45091529

  3-1-5  117.09816943   4-2-6  117.09816943

 NUCLEAR CHARGE:                   16
 NUMBER OF PRIMITIVE AOS:          98
 NUMBER OF SYMMETRY AOS:           96
 NUMBER OF CONTRACTIONS:           48   (  48A   )
 NUMBER OF CORE ORBITALS:           2   (   2A   )
 NUMBER OF VALENCE ORBITALS:       12   (  12A   )


 NUCLEAR REPULSION ENERGY   33.23658480

 EXTRA SYMMETRY OF AOS IN SYMMETRY 1:   1 1 1 1 1 2 1 1 2 1   1 2 1 2 1 1 1 1 1 2   1 1 2 1 1 2 1 2 1 1   1 1 2 1 1 1 1 2 1 1
                                        1 1 2 1 1 1 1 2

 Eigenvalues of metric

         1 0.498E-02 0.154E-01 0.328E-01 0.353E-01 0.510E-01 0.633E-01 0.986E-01 0.998E-01


 Contracted 2-electron integrals neglected if value below      1.0D-11
 AO integral compression algorithm  1   Integral accuracy      1.0D-11

     2.359 MB (compressed) written to integral file ( 33.3%)


 NUMBER OF SORTED TWO-ELECTRON INTEGRALS:     692076.     BUFFER LENGTH:  32768
 NUMBER OF SEGMENTS:   1  SEGMENT LENGTH:     692076      RECORD LENGTH: 524288

 Memory used in sort:       1.25 MW

 SORT1 READ      832256. AND WROTE      344798. INTEGRALS IN      1 RECORDS. CPU TIME:     0.03 SEC, REAL TIME:     0.03 SEC
 SORT2 READ      344798. AND WROTE      692076. INTEGRALS IN      9 RECORDS. CPU TIME:     0.12 SEC, REAL TIME:     0.13 SEC

 FILE SIZES:   FILE 1:     5.4 MBYTE,  FILE 4:     4.3 MBYTE,   TOTAL:      9.6 MBYTE

 OPERATOR DM      FOR CENTER  0  COORDINATES:    0.000000    0.000000    0.000000


 **********************************************************************************************************************************
 DATASETS  * FILE   NREC   LENGTH (MB)   RECORD NAMES
              1      19        4.78       500      610      700      900      950      970     1000      129      960     1100   
                                          VAR    BASINP    GEOM    SYMINP    ZMAT    AOBASIS   BASIS     P2S    ABASIS      S 
                                         1400     1410     1200     1210     1080     1600     1650     1300     1700   
                                           T        V       H0       H01     AOSYM     SMH    MOLCAS    ERIS     OPER   

              2       4        1.29       500      610      700     1000   
                                          VAR    BASINP    GEOM     BASIS   

 PROGRAMS   *        TOTAL       INT      FILE
 CPU TIMES  *         1.01      0.63      0.00
 REAL TIME  *         1.06 SEC
 DISK USED  *        11.28 MB      
 **********************************************************************************************************************************

1PROGRAM * RHF-SCF (CLOSED SHELL)       Authors: W. Meyer, H.-J. Werner


 NUMBER OF ELECTRONS:       8+    8-    SPACE SYMMETRY=1    SPIN SYMMETRY: Singlet 
 CONVERGENCE THRESHOLDS:    1.00E-06 (Density)    1.00E-07 (Energy)
 MAX. NUMBER OF ITERATIONS:     1000
 INTERPOLATION TYPE:            DIIS
 INTERPOLATION STEPS:              2 (START)      1 (STEP)
 LEVEL SHIFTS:                  0.00 (CLOSED)  0.00 (OPEN) 



 Orbital guess generated from atomic densities. Full valence occupancy:    8

 Molecular orbital dump at record        2100.2

 ITERATION    DDIFF          GRAD             ENERGY        2-EL.EN.            DIPOLE MOMENTS         DIIS
    1      0.000D+00      0.000D+00       -78.01768806    117.903431    0.00000    0.00000    0.00000    0
    2      0.000D+00      0.676D-02       -78.03744060    116.560129    0.00000    0.00000    0.00000    1
    3      0.544D-02      0.221D-02       -78.03928544    117.108471    0.00000    0.00000    0.00000    2
    4      0.164D-02      0.647D-03       -78.03950741    116.989569    0.00000    0.00000    0.00000    3
    5      0.683D-03      0.606D-04       -78.03950953    116.994889    0.00000    0.00000    0.00000    4
    6      0.886D-04      0.870D-05       -78.03950958    116.994401    0.00000    0.00000    0.00000    5
    7      0.140D-04      0.132D-05       -78.03950958    116.994391    0.00000    0.00000    0.00000    6
    8      0.160D-05      0.144D-06       -78.03950958    116.994389    0.00000    0.00000    0.00000    5
    9      0.207D-06      0.234D-07       -78.03950958    116.994390    0.00000    0.00000    0.00000    0

 Final occupancy:   8

 !RHF STATE 1.1 Energy                -78.039509581362
 Nuclear energy                        33.23658480
 One-electron energy                 -169.77328938
 Two-electron energy                   58.49719499
 Virial quotient                       -1.00231946
 !RHF STATE 1.1 Dipole moment           0.00000000     0.00000000     0.00000000
 Dipole moment /Debye                   0.00000000     0.00000000     0.00000000

 Orbital energies:

         1.1          2.1          3.1          4.1          5.1          6.1          7.1          8.1          9.1         10.1
    -11.237687   -11.236120    -1.028405    -0.791062    -0.638211    -0.581267    -0.505165    -0.371533     0.165613     0.203472


 **********************************************************************************************************************************
 DATASETS  * FILE   NREC   LENGTH (MB)   RECORD NAMES
              1      19        4.78       500      610      700      900      950      970     1000      129      960     1100   
                                          VAR    BASINP    GEOM    SYMINP    ZMAT    AOBASIS   BASIS     P2S    ABASIS      S 
                                         1400     1410     1200     1210     1080     1600     1650     1300     1700   
                                           T        V       H0       H01     AOSYM     SMH    MOLCAS    ERIS     OPER   

              2       5        1.37       500      610      700     1000     2100   
                                          VAR    BASINP    GEOM     BASIS     RHF  

 PROGRAMS   *        TOTAL       RHF       INT      FILE
 CPU TIMES  *         1.19      0.18      0.63      0.00
 REAL TIME  *         1.25 SEC
 DISK USED  *        11.28 MB      
 **********************************************************************************************************************************

1PROGRAM * MULTI (Direct Multiconfiguration SCF)       Authors: P.J. Knowles, H.-J. Werner (1984)     S.T. Elbert (1988)


 Number of closed-shell orbitals:  7 (  7 )
 Number of active  orbitals:       2 (  2 )
 Number of external orbitals:     39 ( 39 )

 State symmetry 1

 Number of electrons:     2    Spin symmetry=Singlet   Space symmetry=1
 Number of states:        3
 Number of CSFs:          3   (4 determinants, 4 intermediate states)

 Molecular orbitals read from record     2100.2  Type=RHF/CANONICAL (state 1.1)

 EXTRA SYMMETRY OF MOS IN SYMMETRY 1:   1 1 1 1 1 1 1 2 2 1   1 1 1 1 1 1 2 1 1 2   1 1 1 1 2 1 1 2 2 1   1 1 2 1 1 1 2 2 2 1
                                        2 1 1 1 1 1 1 1

 Wavefunction dump at record             2100.2

 Convergence thresholds  0.10E-01 (gradient)  0.10E-05 (energy)  0.10E-02 (step length)

 Weight factors for state symmetry  1:    0.33333   0.33333   0.33333

 Number of orbital rotations:     365     (  14 Core/Active  273 Core/Virtual   0 Active/Active   78 Active/Virtual)
 Total number of variables:       377


 ITER. MIC  NCI  NEG     ENERGY(VAR)     ENERGY(PROJ)   ENERGY CHANGE     GRAD(0)  GRAD(ORB)   GRAD(CI)     STEP       TIME

   1   28    4    0     -77.74411815     -77.75129365   -0.00717550    0.13786833 0.00000000 0.00000000  0.70D-01      0.09
   2   15    5    0     -77.75116896     -77.75117424   -0.00000529    0.00345967 0.00000000 0.00000000  0.20D-02      0.17
   3   14    5    0     -77.75117425     -77.75117425    0.00000000    0.00000304 0.00000000 0.00000000  0.21D-05      0.25

 ** WVFN ****  CONVERGENCE REACHED, FINAL GRADIENT:  0.28D-11



 Results for state 1.1
 =====================

 !MCSCF STATE 1.1 Energy              -78.054975076983
 Nuclear energy                        33.23658480
 Kinetic energy                        77.93659691
 One electron energy                 -169.92893205
 Two electron energy                   58.63737217
 Virial ratio                           2.00151890

 !MCSCF STATE 1.1 Dipole moment         0.00000000     0.00000000     0.00000000
 Dipole moment /Debye                   0.00000000     0.00000000     0.00000000

 Results for state 2.1
 =====================

 !MCSCF STATE 2.1 Energy              -77.691959922072
 Nuclear energy                        33.23658480
 Kinetic energy                        78.09681592
 One electron energy                 -169.31125627
 Two electron energy                   58.38271154
 Virial ratio                           1.99481597

 !MCSCF STATE 2.1 Dipole moment         0.00000000     0.00000000     0.00000000
 Dipole moment /Debye                   0.00000000     0.00000000     0.00000000

 Results for state 3.1
 =====================

 !MCSCF STATE 3.1 Energy              -77.506587737435
 Nuclear energy                        33.23658480
 Kinetic energy                        78.25703494
 One electron energy                 -168.69358049
 Two electron energy                   57.95040795
 Virial ratio                           1.99041048

 !MCSCF STATE 3.1 Dipole moment         0.00000000     0.00000000     0.00000000
 Dipole moment /Debye                   0.00000000     0.00000000     0.00000000

 State-averaged charge density matrix saved on record  2100.2 (density set 1)

 !MCSCF trans         <2.1|DMX|1.1>    -1.532601347756 au =    -3.895228933429 Debye
 !MCSCF trans         <3.1|DMX|2.1>    -2.281633121243 au =    -5.798953108290 Debye


 PSEUDO CANONICAL ORBITALS                                        
 =========================                                        

   Orb     Occ        Energy       Coefficients

                                   1 1s      1 1s      1 1s      1 2px     1 2py     1 2pz     1 2px     1 2py     1 2pz     1 3d0  
                                   1 3d2-    1 3d1+    1 3d2+    1 3d1-    2 1s      2 1s      2 1s      2 2px     2 2py     2 2pz  
                                   2 2px     2 2py     2 2pz     2 3d0     2 3d2-    2 3d1+    2 3d2+    2 3d1-    3 1s      3 1s   
                                   3 2px     3 2py     3 2pz     4 1s      4 1s      4 2px     4 2py     4 2pz     5 1s      5 1s   
                                   5 2px     5 2py     5 2pz     6 1s      6 1s      6 2px     6 2py     6 2pz  

   1.1  2.00000   -11.255893     0.708208  0.002544 -0.004190 -0.000075  0.000000  0.000000 -0.000220  0.000000  0.000000 -0.000307
                                 0.000000  0.000000  0.000051  0.000000  0.708208  0.002544 -0.004190  0.000075  0.000000  0.000000
                                 0.000220  0.000000  0.000000 -0.000307  0.000000  0.000000  0.000051  0.000000 -0.000121  0.001051
                                 0.000021  0.000208  0.000000 -0.000121  0.001051 -0.000021  0.000208  0.000000 -0.000121  0.001051
                                 0.000021 -0.000208  0.000000 -0.000121  0.001051 -0.000021 -0.000208  0.000000

   2.1  2.00000   -11.254590     0.708814  0.003248 -0.005916 -0.000466  0.000000  0.000000  0.000852  0.000000  0.000000 -0.000822
                                 0.000000  0.000000  0.000219  0.000000 -0.708814 -0.003248  0.005916 -0.000466  0.000000  0.000000
                                 0.000852  0.000000  0.000000  0.000822  0.000000  0.000000 -0.000219  0.000000 -0.000299  0.000704
                                 0.000213  0.000391  0.000000  0.000299 -0.000704  0.000213 -0.000391  0.000000 -0.000299  0.000704
                                 0.000213 -0.000391  0.000000  0.000299 -0.000704  0.000213  0.000391  0.000000

   3.1  2.00000    -1.044997    -0.020190  0.304869  0.187504 -0.131487  0.000000  0.000000 -0.026092  0.000000  0.000000 -0.012200
                                 0.000000  0.000000  0.018616  0.000000 -0.020190  0.304869  0.187504  0.131487  0.000000  0.000000
                                 0.026092  0.000000  0.000000 -0.012200  0.000000  0.000000  0.018616  0.000000  0.107791  0.006140
                                -0.011348 -0.013534  0.000000  0.107791  0.006140  0.011348 -0.013534  0.000000  0.107791  0.006140
                                -0.011348  0.013534  0.000000  0.107791  0.006140  0.011348  0.013534  0.000000

   4.1  2.00000    -0.800474    -0.014278  0.238977  0.192043  0.156565  0.000000  0.000000  0.057407  0.000000  0.000000  0.002918
                                 0.000000  0.000000 -0.014982  0.000000  0.014278 -0.238977 -0.192043  0.156565  0.000000  0.000000
                                 0.057407  0.000000  0.000000 -0.002918  0.000000  0.000000  0.014982  0.000000  0.193603  0.034970
                                -0.009268 -0.020501  0.000000 -0.193603 -0.034970 -0.009268  0.020501  0.000000  0.193603  0.034970
                                -0.009268  0.020501  0.000000 -0.193603 -0.034970 -0.009268 -0.020501  0.000000

   5.1  2.00000    -0.652467     0.000000  0.000000  0.000000  0.000000  0.317549  0.000000  0.000000  0.121369  0.000000  0.000000
                                -0.004117  0.000000  0.000000  0.000000  0.000000  0.000000  0.000000  0.000000  0.317549  0.000000
                                 0.000000  0.121369  0.000000  0.000000  0.004117  0.000000  0.000000  0.000000  0.206653  0.053414
                                -0.011625 -0.011162  0.000000  0.206653  0.053414  0.011625 -0.011162  0.000000 -0.206653 -0.053414
                                 0.011625 -0.011162  0.000000 -0.206653 -0.053414 -0.011625 -0.011162  0.000000

   6.1  2.00000    -0.597724    -0.004762 -0.020398  0.019966  0.405358  0.000000  0.000000  0.139196  0.000000  0.000000  0.002554
                                 0.000000  0.000000 -0.026865  0.000000 -0.004762 -0.020398  0.019966 -0.405358  0.000000  0.000000
                                -0.139196  0.000000  0.000000  0.002554  0.000000  0.000000 -0.026865  0.000000  0.168382  0.063152
                                 0.001997 -0.013652  0.000000  0.168382  0.063152 -0.001997 -0.013652  0.000000  0.168382  0.063152
                                 0.001997  0.013652  0.000000  0.168382  0.063152 -0.001997  0.013652  0.000000

   7.1  2.00000    -0.513093     0.000000  0.000000  0.000000  0.000000  0.304543  0.000000  0.000000  0.128342  0.000000  0.000000
                                 0.035968  0.000000  0.000000  0.000000  0.000000  0.000000  0.000000  0.000000 -0.304543  0.000000
                                 0.000000 -0.128342  0.000000  0.000000  0.035968  0.000000  0.000000  0.000000  0.251058  0.119094
                                -0.012973 -0.007056  0.000000 -0.251058 -0.119094 -0.012973  0.007056  0.000000 -0.251058 -0.119094
                                 0.012973 -0.007056  0.000000  0.251058  0.119094  0.012973  0.007056  0.000000

   8.1  1.00000    -0.230537     0.000000  0.000000  0.000000  0.000000  0.000000  0.365146  0.000000  0.000000  0.306189  0.000000
                                 0.000000 -0.041692  0.000000  0.000000  0.000000  0.000000  0.000000  0.000000  0.000000  0.365146
                                 0.000000  0.000000  0.306189  0.000000  0.000000  0.041692  0.000000  0.000000  0.000000  0.000000
                                 0.000000  0.000000  0.012576  0.000000  0.000000  0.000000  0.000000  0.012576  0.000000  0.000000
                                 0.000000  0.000000  0.012576  0.000000  0.000000  0.000000  0.000000  0.012576

   9.1  1.00000     0.023294     0.000000  0.000000  0.000000  0.000000  0.000000  0.385874  0.000000  0.000000  0.693761  0.000000
                                 0.000000  0.016300  0.000000  0.000000  0.000000  0.000000  0.000000  0.000000  0.000000 -0.385874
                                 0.000000  0.000000 -0.693761  0.000000  0.000000  0.016300  0.000000  0.000000  0.000000  0.000000
                                 0.000000  0.000000  0.019051  0.000000  0.000000  0.000000  0.000000 -0.019051  0.000000  0.000000
                                 0.000000  0.000000  0.019051  0.000000  0.000000  0.000000  0.000000 -0.019051


 EXTRA SYMMETRY OF MOS IN SYMMETRY 1:   1 1 1 1 1 1 1 2 2 1   1 1 1 1 1 1 2 1 1 2   1 1 1 1 2 1 2 1 2 1   1 1 2 1 1 1 2 2 2 1
                                        2 1 1 1 1 1 1 1

 Canonical orbital dump (state averaged) at molpro sectio  2140.2    (Orbital set 1)


 CI vector
 =========

 02     -0.1926975   0.0000000   0.9812582
 20      0.9812582   0.0000000   0.1926975
 ba      0.0000000  -0.7071068   0.0000000
 ab      0.0000000   0.7071068   0.0000000

 TOTAL ENERGIES                       -78.05497508   -77.69195992   -77.50658774



 **********************************************************************************************************************************
 DATASETS  * FILE   NREC   LENGTH (MB)   RECORD NAMES
              1      20        6.07       500      610      700      900      950      970     1000      129      960     1100   
                                          VAR    BASINP    GEOM    SYMINP    ZMAT    AOBASIS   BASIS     P2S    ABASIS      S 
                                         1400     1410     1200     1210     1080     1600     1650     1300     1700     1380   
                                           T        V       H0       H01     AOSYM     SMH    MOLCAS    ERIS     OPER     JKOP   

              2       7        1.46       500      610      700     1000     2100     2140     2100(1)
                                          VAR    BASINP    GEOM     BASIS    MCSCF    MCSCF     RHF  

 PROGRAMS   *        TOTAL     MULTI       RHF       INT      FILE
 CPU TIMES  *         1.56      0.35      0.18      0.63      0.00
 REAL TIME  *         1.69 SEC
 DISK USED  *        16.02 MB      
 **********************************************************************************************************************************

1PROGRAM * MULTI (Direct Multiconfiguration SCF)       Authors: P.J. Knowles, H.-J. Werner (1984)     S.T. Elbert (1988)


 Number of closed-shell orbitals:  7 (  7 )
 Number of active  orbitals:       2 (  2 )
 Number of external orbitals:     39 ( 39 )

 State symmetry 1

 Number of electrons:     2    Spin symmetry=Singlet   Space symmetry=1
 Number of states:        3
 Number of CSFs:          3   (4 determinants, 4 intermediate states)

 Molecular orbitals read from record     2140.2  Type=MCSCF/CANONICAL (state averaged)

 EXTRA SYMMETRY OF MOS IN SYMMETRY 1:   1 1 1 1 1 1 1 2 2 1   1 1 1 1 1 1 2 1 1 2   1 1 1 1 2 1 2 1 2 1   1 1 2 1 1 1 2 2 2 1
                                        2 1 1 1 1 1 1 1

 Wavefunction dump at record             2140.2

 Convergence thresholds  0.10E-05 (gradient)  0.10E-07 (energy)  0.10E-02 (step length)

 Weight factors for state symmetry  1:    0.33333   0.33333   0.33333

 Number of orbital rotations:     365     (  14 Core/Active  273 Core/Virtual   0 Active/Active   78 Active/Virtual)
 Total number of variables:       377


 ITER. MIC  NCI  NEG     ENERGY(VAR)     ENERGY(PROJ)   ENERGY CHANGE     GRAD(0)  GRAD(ORB)   GRAD(CI)     STEP       TIME

   1   16    4    0     -77.75117425     -77.75117425    0.00000000    0.00000000 0.00000000 0.00000000  0.20D-11      0.08

 ** WVFN ****  CONVERGENCE REACHED, FINAL GRADIENT:  0.25D-12

 Solving MCSCF z-vector equations for state  1.1, requested accuracy=      0.10D-06
 Convergence reached in   9 iterations (  9 expansion vectors), accuracy=  0.77D-08

 SA-Gradient information saved on record      5100.1



 Results for state 1.1
 =====================

 !MCSCF STATE 1.1 Energy              -78.054975076983
 Nuclear energy                        33.23658480
 Kinetic energy                        77.93659691
 One electron energy                 -169.92893205
 Two electron energy                   58.63737217
 Virial ratio                           2.00151890

 !MCSCF STATE 1.1 Dipole moment         0.00000000     0.00000000     0.00000000
 Dipole moment /Debye                   0.00000000     0.00000000     0.00000000

 Results for state 2.1
 =====================

 !MCSCF STATE 2.1 Energy              -77.691959922072
 Nuclear energy                        33.23658480
 Kinetic energy                        78.09681592
 One electron energy                 -169.31125627
 Two electron energy                   58.38271154
 Virial ratio                           1.99481597

 !MCSCF STATE 2.1 Dipole moment         0.00000000     0.00000000     0.00000000
 Dipole moment /Debye                   0.00000000     0.00000000     0.00000000

 Results for state 3.1
 =====================

 !MCSCF STATE 3.1 Energy              -77.506587737435
 Nuclear energy                        33.23658480
 Kinetic energy                        78.25703494
 One electron energy                 -168.69358049
 Two electron energy                   57.95040795
 Virial ratio                           1.99041048

 !MCSCF STATE 3.1 Dipole moment         0.00000000     0.00000000     0.00000000
 Dipole moment /Debye                   0.00000000     0.00000000     0.00000000

 State-averaged charge density matrix saved on record  2140.2 (density set 1)

 !MCSCF trans         <2.1|DMX|1.1>    -1.532601347757 au =    -3.895228933432 Debye
 !MCSCF trans         <3.1|DMX|2.1>    -2.281633121243 au =    -5.798953108289 Debye


 Canonical orbital dump (state averaged) at molpro sectio  2140.2    (Orbital set 2)


 CI vector
 =========

 02     -0.1926975   0.0000000   0.9812582
 20      0.9812582   0.0000000   0.1926975
 ba      0.0000000  -0.7071068   0.0000000
 ab      0.0000000   0.7071068   0.0000000

 TOTAL ENERGIES                       -78.05497508   -77.69195992   -77.50658774



 **********************************************************************************************************************************
 DATASETS  * FILE   NREC   LENGTH (MB)   RECORD NAMES
              1      21        6.07       500      610      700      900      950      970     1000      129      960     1100   
                                          VAR    BASINP    GEOM    SYMINP    ZMAT    AOBASIS   BASIS     P2S    ABASIS      S 
                                         1400     1410     1200     1210     1080     1600     1650     1300     1700     1380   
                                           T        V       H0       H01     AOSYM     SMH    MOLCAS    ERIS     OPER     JKOP   
                                         5100   
                                        CPSAMC    

              2       8        1.49       500      610      700     1000     2100     2140     2100(1)  2140(1)
                                          VAR    BASINP    GEOM     BASIS    MCSCF    MCSCF     RHF     MCSCF   

 PROGRAMS   *        TOTAL     MULTI     MULTI       RHF       INT      FILE
 CPU TIMES  *         1.77      0.20      0.35      0.18      0.63      0.00
 REAL TIME  *         1.94 SEC
 DISK USED  *        16.02 MB      
 **********************************************************************************************************************************


 PROGRAM * OPT (Geometry optimization)     Authors: F. Eckert and H.-J. Werner


 BFGS update of hessian

 *** Long output written to logfile /users2/ds/chmksa/SurfaceHop/ethylene/freq.log ***


 Geometry optimization using default procedure for command MULTI

 Geometry written to block  1 of record 700

 Making model hessian for cartesian coordinates

 Quadratic Steepest Descent - Minimum Search

 Optimization point  1

 Variable                      Last           Current        Next           Gradient       Hessian
 E(MULTI001) / Hartree       0.00000000   -78.05497508     0.00000000
 GX1 / ANGSTROM              0.00000000     0.67189660     0.67189533     0.00000188     0.00000000
 GY1 / ANGSTROM              0.00000000     0.00000000     0.00000000     0.00000000     0.00000000
 GZ1 / ANGSTROM              0.00000000     0.00000000     0.00000000     0.00000000     0.00000000
 GX2 / ANGSTROM              0.00000000    -0.67189660    -0.67189533    -0.00000188     0.00000000
 GY2 / ANGSTROM              0.00000000     0.00000000     0.00000000     0.00000000     0.00000000
 GZ2 / ANGSTROM              0.00000000     0.00000000     0.00000000     0.00000000     0.00000000
 GX3 / ANGSTROM              0.00000000     1.23693210     1.23692931     0.00000257     0.02303937
 GY3 / ANGSTROM              0.00000000     0.92382970     0.92382748     0.00000402     0.19680390
 GZ3 / ANGSTROM              0.00000000     0.00000000     0.00000000     0.00000000     0.33196291
 GX4 / ANGSTROM              0.00000000    -1.23693210    -1.23692931    -0.00000257     0.61701727
 GY4 / ANGSTROM              0.00000000     0.92382970     0.92382748     0.00000402     0.64576973
 GZ4 / ANGSTROM              0.00000000     0.00000000     0.00000000     0.00000000     1.46805638
 GX5 / ANGSTROM              0.00000000     1.23693210     1.23692931     0.00000257     2.98920543
 GY5 / ANGSTROM              0.00000000    -0.92382970    -0.92382748    -0.00000402     3.12233547
 GZ5 / ANGSTROM              0.00000000     0.00000000     0.00000000     0.00000000     4.37932407
 GX6 / ANGSTROM              0.00000000    -1.23693210    -1.23692931    -0.00000257     5.27546541
 GY6 / ANGSTROM              0.00000000    -0.92382970    -0.92382748    -0.00000402     7.13919760
 GZ6 / ANGSTROM              0.00000000     0.00000000     0.00000000     0.00000000     8.09542306
 Convergence:                0.00000000  (line search)     0.00001389     0.00000524  (total)

 END OF GEOMETRY OPTIMIZATION.    TOTAL CPU:         2.4 SEC

 ITER.   ENERGY(OLD)    ENERGY(NEW)      DE          GRADMAX     GRADNORM    GRADRMS     STEPMAX     STEPLEN     STEPRMS
   1   -78.05497508   -78.05497508     0.00000000  0.00000521  0.00000524  0.00000044  0.00001268  0.00001389  0.00000116

 Geometry written to block  1 of record 700


 **********************************************************************************************************************************
 DATASETS  * FILE   NREC   LENGTH (MB)   RECORD NAMES
              1      21        6.07       500      610      700      900      950      970     1000      129      960     1100   
                                          VAR    BASINP    GEOM    SYMINP    ZMAT    AOBASIS   BASIS     P2S    ABASIS      S 
                                         1400     1410     1200     1210     1080     1600     1650     1300     1700     1380   
                                           T        V       H0       H01     AOSYM     SMH    MOLCAS    ERIS     OPER     JKOP   
                                         5100   
                                        CPSAMC    

              2       8        1.49       500      610      700     1000     2100     2140     2100(1)  2140(1)
                                          VAR    BASINP    GEOM     BASIS    MCSCF    MCSCF     RHF     MCSCF   

 PROGRAMS   *        TOTAL      OPTG     MULTI     MULTI       RHF       INT      FILE
 CPU TIMES  *         4.23      2.45      0.20      0.35      0.18      0.63      0.00
 REAL TIME  *         4.50 SEC
 DISK USED  *        16.05 MB      
 **********************************************************************************************************************************


 PROGRAM * HESSIAN

 Computing numerical hessian using default procedure for command MULTI

 Symmetry elements for unique displacements: X  Y  Z  

 Using no symmetry in wavefunction calculations

 Running default procedure: MULTI001


 Numerically approximating hessian using central gradient differences

 Task list generated. Total number of displacements:      9

    5 tasks completed, CPU=    13.62 sec, Elapsed=    13.63 sec

 Numerical MULTI001 hessian completed. CPU-time:    24.66 sec, Elapsed:    24.68 sec

 MULTI hessian saved to record  5300.2

 FREQUENCIES * CALCULATION OF HARMONIC VIBRATIONAL SPECTRA FOR MULTI


 Permanent Dipole Moment [debye]
   1-  3    0.000000    0.000000    0.000000

 Dipole Moment Norm    0.0000000 [debye]

 Dipole Moment Derivatives [debye/ang]
                   1             2             3             4             5             6             7             8
         1    -0.2806227     0.0000000     0.0000000    -0.2806227     0.0000000     0.0000000     0.1403402    -0.3060318
         2     0.0000000     0.2941672     0.0000000     0.0000000     0.2941672     0.0000000    -0.1510287    -0.1470669
         3     0.0000000     0.0000000    -1.3069112     0.0000000     0.0000000    -1.3069112     0.0000000     0.0000000
                   9            10            11            12            13            14            15            16
         1     0.0000000     0.1403402     0.3060318     0.0000000     0.1403402     0.3060318     0.0000000     0.1403402
         2     0.0000000     0.1510287    -0.1470669     0.0000000     0.1510287    -0.1470669     0.0000000    -0.1510287
         3     0.6533773     0.0000000     0.0000000     0.6533773     0.0000000     0.0000000     0.6533773     0.0000000
                  17            18
         1    -0.3060318     0.0000000
         2    -0.1470669     0.0000000
         3     0.0000000     0.6533773

 Projecting out rotations and translations

 Force Constants (Second Derivatives of the Energy) in [a.u.]
                             GX1         GY1         GZ1         GX2         GY2     
           GX1           0.9079388
           GY1           0.0000000   0.7083383
           GZ1           0.0000000   0.0000000   0.1301314
           GX2          -0.5925250   0.0000000   0.0000000   0.9079388
           GY2           0.0000000  -0.1263219   0.0000000   0.0000000   0.7083383
           GZ2           0.0000000   0.0000000  -0.0475356   0.0000000   0.0000000
           GX3          -0.1468133  -0.1313539   0.0000000  -0.0108935  -0.0338957
           GY3          -0.1373697  -0.2952445   0.0000000   0.0036699   0.0042363
           GZ3           0.0000000   0.0000000  -0.0447760   0.0000000   0.0000000
           GX4          -0.0108935   0.0338957   0.0000000  -0.1468133   0.1313539
           GY4          -0.0036699   0.0042363   0.0000000   0.1373697  -0.2952445
           GZ4           0.0000000   0.0000000   0.0034781   0.0000000   0.0000000
           GX5          -0.1468133   0.1313539   0.0000000  -0.0108935   0.0338957
           GY5           0.1373697  -0.2952445   0.0000000  -0.0036699   0.0042363
           GZ5           0.0000000   0.0000000  -0.0447760   0.0000000   0.0000000
           GX6          -0.0108935  -0.0338957   0.0000000  -0.1468133  -0.1313539
           GY6           0.0036699   0.0042363   0.0000000  -0.1373697  -0.2952445
           GZ6           0.0000000   0.0000000   0.0034781   0.0000000   0.0000000
                             GZ2         GX3         GY3         GZ3         GX4     
           GZ2           0.1301314
           GX3           0.0000000   0.1510680
           GY3           0.0000000   0.1487672   0.3046320
           GZ3           0.0034781   0.0000000   0.0000000   0.0567269
           GX4           0.0000000   0.0015162  -0.0003805   0.0000000   0.1510680
           GY4           0.0000000   0.0003805   0.0014198   0.0000000  -0.1487672
           GZ4          -0.0447760   0.0000000   0.0000000  -0.0360780   0.0000000
           GX5           0.0000000   0.0113456  -0.0153944   0.0000000  -0.0062229
           GY5           0.0000000   0.0153944  -0.0168919   0.0000000  -0.0007075
           GZ5           0.0034781   0.0000000   0.0000000  -0.0229723   0.0000000
           GX6           0.0000000  -0.0062229   0.0007075   0.0000000   0.0113456
           GY6           0.0000000   0.0007075   0.0018483   0.0000000  -0.0153944
           GZ6          -0.0447760   0.0000000   0.0000000   0.0436212   0.0000000
                             GY4         GZ4         GX5         GY5         GZ5     
           GY4           0.3046320
           GZ4           0.0000000   0.0567269
           GX5          -0.0007075   0.0000000   0.1510680
           GY5           0.0018483   0.0000000  -0.1487672   0.3046320
           GZ5           0.0000000   0.0436212   0.0000000   0.0000000   0.0567269
           GX6           0.0153944   0.0000000   0.0015162   0.0003805   0.0000000
           GY6          -0.0168919   0.0000000  -0.0003805   0.0014198   0.0000000
           GZ6           0.0000000  -0.0229723   0.0000000   0.0000000  -0.0360780
                             GX6         GY6         GZ6     
           GX6           0.1510680
           GY6           0.1487672   0.3046320
           GZ6           0.0000000   0.0000000   0.0567269


 Atomic Masses
   1-  6   12.011000   12.011000    1.007940    1.007940    1.007940    1.007940

 Mass weighted Second Derivative Matrix
                             GX1         GY1         GZ1         GX2         GY2     
           GX1           0.0755923
           GY1           0.0000000   0.0589741
           GZ1           0.0000000   0.0000000   0.0108344
           GX2          -0.0493319   0.0000000   0.0000000   0.0755923
           GY2           0.0000000  -0.0105172   0.0000000   0.0000000   0.0589741
           GZ2           0.0000000   0.0000000  -0.0039577   0.0000000   0.0000000
           GX3          -0.0421948  -0.0377517   0.0000000  -0.0031308  -0.0097418
           GY3          -0.0394806  -0.0848545   0.0000000   0.0010547   0.0012175
           GZ3           0.0000000   0.0000000  -0.0128688   0.0000000   0.0000000
           GX4          -0.0031308   0.0097418   0.0000000  -0.0421948   0.0377517
           GY4          -0.0010547   0.0012175   0.0000000   0.0394806  -0.0848545
           GZ4           0.0000000   0.0000000   0.0009996   0.0000000   0.0000000
           GX5          -0.0421948   0.0377517   0.0000000  -0.0031308   0.0097418
           GY5           0.0394806  -0.0848545   0.0000000  -0.0010547   0.0012175
           GZ5           0.0000000   0.0000000  -0.0128688   0.0000000   0.0000000
           GX6          -0.0031308  -0.0097418   0.0000000  -0.0421948  -0.0377517
           GY6           0.0010547   0.0012175   0.0000000  -0.0394806  -0.0848545
           GZ6           0.0000000   0.0000000   0.0009996   0.0000000   0.0000000
                             GZ2         GX3         GY3         GZ3         GX4     
           GZ2           0.0108344
           GX3           0.0000000   0.1498780
           GY3           0.0000000   0.1475953   0.3022323
           GZ3           0.0009996   0.0000000   0.0000000   0.0562800
           GX4           0.0000000   0.0015042  -0.0003775   0.0000000   0.1498780
           GY4           0.0000000   0.0003775   0.0014086   0.0000000  -0.1475953
           GZ4          -0.0128688   0.0000000   0.0000000  -0.0357938   0.0000000
           GX5           0.0000000   0.0112562  -0.0152732   0.0000000  -0.0061739
           GY5           0.0000000   0.0152732  -0.0167588   0.0000000  -0.0007019
           GZ5           0.0009996   0.0000000   0.0000000  -0.0227913   0.0000000
           GX6           0.0000000  -0.0061739   0.0007019   0.0000000   0.0112562
           GY6           0.0000000   0.0007019   0.0018337   0.0000000  -0.0152732
           GZ6          -0.0128688   0.0000000   0.0000000   0.0432776   0.0000000
                             GY4         GZ4         GX5         GY5         GZ5     
           GY4           0.3022323
           GZ4           0.0000000   0.0562800
           GX5          -0.0007019   0.0000000   0.1498780
           GY5           0.0018337   0.0000000  -0.1475953   0.3022323
           GZ5           0.0000000   0.0432776   0.0000000   0.0000000   0.0562800
           GX6           0.0152732   0.0000000   0.0015042   0.0003775   0.0000000
           GY6          -0.0167588   0.0000000  -0.0003775   0.0014086   0.0000000
           GZ6           0.0000000  -0.0227913   0.0000000   0.0000000  -0.0357938
                             GX6         GY6         GZ6     
           GX6           0.1498780
           GY6           0.1475953   0.3022323
           GZ6           0.0000000   0.0000000   0.0562800


 Mass Weighted 2nd Derivative Matrix Eigenvalues
   1- 10    0.000000    0.000000    0.000000    0.000000    0.000000    0.000000    0.029064    0.040797    0.047849    0.065985
  11- 18    0.077003    0.092265    0.116967    0.158143    0.409877    0.415323    0.432037    0.439053

 Mass Weighted 2nd Derivative Matrix Eigenvectors
                   1             2             3             4             5             6             7             8
         1     0.0651998     0.6419616    -0.1006957    -0.0380189     0.0054850    -0.0127045     0.0000000     0.0000000
         2     0.1766848     0.1125801     0.7724929     0.0798283    -0.0965662     0.1921021     0.1336273     0.0000000
         3     0.0283986     0.0278245    -0.1375725     0.8251908     0.0678640     0.2019939     0.0000000     0.4257797
         4     0.0651998     0.6419616    -0.1006957    -0.0380189     0.0054850    -0.0127045     0.0000000     0.0000000
         5     0.8273127    -0.0805193     0.0283221    -0.0262175    -0.0129415     0.0255202     0.1336273     0.0000000
         6    -0.0191785    -0.0132242    -0.1377909    -0.1073197     0.3180941     0.7839793     0.0000000    -0.4257797
         7     0.1484620     0.1475110    -0.1773741    -0.0321329     0.0182430    -0.0368556     0.4334471     0.0000000
         8    -0.0280676     0.0561337     0.3144254     0.0360422    -0.0381599     0.0759401    -0.2306415     0.0000000
         9     0.0244950     0.0205547     0.0541379     0.3708132     0.4502203    -0.1800524     0.0000000    -0.3991940
        10     0.1484620     0.1475110    -0.1773741    -0.0321329     0.0182430    -0.0368556    -0.4334471     0.0000000
        11     0.3189118    -0.0468461    -0.0824404    -0.0205119     0.0064371    -0.0128979    -0.2306415     0.0000000
        12    -0.0008778    -0.0013365     0.0540214    -0.1264940     0.5836678     0.1303200     0.0000000     0.3991940
        13    -0.1106870     0.2244237     0.1190337     0.0101058    -0.0150652     0.0294950    -0.4334471     0.0000000
        14    -0.0280676     0.0561337     0.3144254     0.0360422    -0.0381599     0.0759401    -0.2306415     0.0000000
        15     0.0035487     0.0055660    -0.1337904     0.3344513    -0.4718611     0.1553028     0.0000000    -0.3991940
        16    -0.1106870     0.2244237     0.1190337     0.0101058    -0.0150652     0.0294950     0.4334471     0.0000000
        17     0.3189118    -0.0468461    -0.0824404    -0.0205119     0.0064371    -0.0128979    -0.2306415     0.0000000
        18    -0.0218241    -0.0163252    -0.1339069    -0.1628559    -0.3384136     0.4656752     0.0000000     0.3991940
                   9            10            11            12            13            14            15            16
         1     0.0000000     0.0000000     0.3859289    -0.2266973     0.5637147     0.0000000    -0.1430598    -0.1824408
         2     0.0000000     0.4269995     0.0000000     0.0000000     0.0000000     0.0000000     0.0000000     0.0000000
         3    -0.2680630     0.0000000     0.0000000     0.0000000     0.0000000     0.0000000     0.0000000     0.0000000
         4     0.0000000     0.0000000    -0.3859289    -0.2266973    -0.5637147     0.0000000    -0.1430598     0.1824408
         5     0.0000000    -0.4269995     0.0000000     0.0000000     0.0000000     0.0000000     0.0000000     0.0000000
         6    -0.2680630     0.0000000     0.0000000     0.0000000     0.0000000     0.0000000     0.0000000     0.0000000
         7     0.0000000     0.3814576     0.3915066     0.3912808    -0.1878029     0.0000000     0.2469220     0.2478964
         8     0.0000000    -0.1154377    -0.1491711    -0.2668399     0.2363111     0.0000000     0.4228433     0.4146143
         9     0.4626782     0.0000000     0.0000000     0.0000000     0.0000000     0.5000000     0.0000000     0.0000000
        10     0.0000000     0.3814576    -0.3915066     0.3912808     0.1878029     0.0000000     0.2469220    -0.2478964
        11     0.0000000     0.1154377    -0.1491711     0.2668399     0.2363111     0.0000000    -0.4228433     0.4146143
        12     0.4626782     0.0000000     0.0000000     0.0000000     0.0000000    -0.5000000     0.0000000     0.0000000
        13     0.0000000    -0.3814576     0.3915066     0.3912808    -0.1878029     0.0000000     0.2469220     0.2478964
        14     0.0000000    -0.1154377     0.1491711     0.2668399    -0.2363111     0.0000000    -0.4228433    -0.4146143
        15     0.4626782     0.0000000     0.0000000     0.0000000     0.0000000    -0.5000000     0.0000000     0.0000000
        16     0.0000000    -0.3814576    -0.3915066     0.3912808     0.1878029     0.0000000     0.2469220    -0.2478964
        17     0.0000000     0.1154377     0.1491711    -0.2668399    -0.2363111     0.0000000     0.4228433    -0.4146143
        18     0.4626782     0.0000000     0.0000000     0.0000000     0.0000000     0.5000000     0.0000000     0.0000000
                  17            18
         1     0.0000000     0.0000000
         2    -0.2292942    -0.2323822
         3     0.0000000     0.0000000
         4     0.0000000     0.0000000
         5     0.2292942    -0.2323822
         6     0.0000000     0.0000000
         7     0.2498666     0.2492461
         8     0.4015953     0.4010930
         9     0.0000000     0.0000000
        10     0.2498666    -0.2492461
        11    -0.4015953     0.4010930
        12     0.0000000     0.0000000
        13    -0.2498666    -0.2492461
        14     0.4015953     0.4010930
        15     0.0000000     0.0000000
        16    -0.2498666     0.2492461
        17    -0.4015953     0.4010930
        18     0.0000000     0.0000000

   Low Vibration      Wavenumber
        Nr             [1/cm] 
        1                0.00
        2                0.00
        3                0.00
        4                0.00
        5                0.00
        6                0.00

     Vibration        Wavenumber
        Nr             [1/cm] 
        1              876.35
        2             1038.28
        3             1124.45
        4             1320.45
        5             1426.44
        6             1561.42
        7             1758.06
        8             2044.21
        9             3291.00
       10             3312.79
       11             3378.79
       12             3406.12

 FREQUENCIES * CALCULATION OF NORMAL MODES FOR MULTI


 Atomic Coordinates

  Nr  Atom  Charge       X              Y              Z

   1   C     6.00    1.269698160    0.000000000    0.000000000
   2   C     6.00   -1.269698160    0.000000000    0.000000000
   3   H     1.00    2.337457645    1.745780932    0.000000000
   4   H     1.00   -2.337457645    1.745780932    0.000000000
   5   H     1.00    2.337457645   -1.745780932    0.000000000
   6   H     1.00   -2.337457645   -1.745780932    0.000000000

 Frequencies dumped to record   5400.2

 Gradient norm at reference geometry: 0.52427D-05

 Normal Modes

                              1 B2u       2 B2g       3 B3u       4 B3g       5 Ag 
 Wavenumbers [cm-1]          876.35     1038.28     1124.45     1320.45     1426.44
 Intensities [km/mol]          0.45        0.00       83.62        0.00        0.00
 Intensities [relative]        0.54        0.00      100.00        0.00        0.00
           GX1              0.00000     0.00000     0.00000     0.00000     0.11136
           GY1              0.03856     0.00000     0.00000     0.12321     0.00000
           GZ1              0.00000     0.12286    -0.07735     0.00000     0.00000
           GX2              0.00000     0.00000     0.00000     0.00000    -0.11136
           GY2              0.03856     0.00000     0.00000    -0.12321     0.00000
           GZ2              0.00000    -0.12286    -0.07735     0.00000     0.00000
           GX3              0.43174     0.00000     0.00000     0.37995     0.38996
           GY3             -0.22973     0.00000     0.00000    -0.11498    -0.14858
           GZ3              0.00000    -0.39762     0.46085     0.00000     0.00000
           GX4             -0.43174     0.00000     0.00000     0.37995    -0.38996
           GY4             -0.22973     0.00000     0.00000     0.11498    -0.14858
           GZ4              0.00000     0.39762     0.46085     0.00000     0.00000
           GX5             -0.43174     0.00000     0.00000    -0.37995     0.38996
           GY5             -0.22973     0.00000     0.00000    -0.11498     0.14858
           GZ5              0.00000    -0.39762     0.46085     0.00000     0.00000
           GX6              0.43174     0.00000     0.00000    -0.37995    -0.38996
           GY6             -0.22973     0.00000     0.00000     0.11498     0.14858
           GZ6              0.00000     0.39762     0.46085     0.00000     0.00000

                              6 B1u       7 Ag        8 Au        9 B1u      10 Ag 
 Wavenumbers [cm-1]         1561.42     1758.06     2044.21     3291.00     3312.79
 Intensities [km/mol]         14.26        0.00        0.00        5.31        0.00
 Intensities [relative]       17.05        0.00        0.00        6.35        0.00
           GX1             -0.06541     0.16266     0.00000    -0.04128    -0.05264
           GY1              0.00000     0.00000     0.00000     0.00000     0.00000
           GZ1              0.00000     0.00000     0.00000     0.00000     0.00000
           GX2             -0.06541    -0.16266     0.00000    -0.04128     0.05264
           GY2              0.00000     0.00000     0.00000     0.00000     0.00000
           GZ2              0.00000     0.00000     0.00000     0.00000     0.00000
           GX3              0.38974    -0.18706     0.00000     0.24595     0.24692
           GY3             -0.26579     0.23538     0.00000     0.42117     0.41298
           GZ3              0.00000     0.00000     0.49803     0.00000     0.00000
           GX4              0.38974     0.18706     0.00000     0.24595    -0.24692
           GY4              0.26579     0.23538     0.00000    -0.42117     0.41298
           GZ4              0.00000     0.00000    -0.49803     0.00000     0.00000
           GX5              0.38974    -0.18706     0.00000     0.24595     0.24692
           GY5              0.26579    -0.23538     0.00000    -0.42117    -0.41298
           GZ5              0.00000     0.00000    -0.49803     0.00000     0.00000
           GX6              0.38974     0.18706     0.00000     0.24595    -0.24692
           GY6             -0.26579    -0.23538     0.00000     0.42117    -0.41298
           GZ6              0.00000     0.00000     0.49803     0.00000     0.00000

                             11 B3g      12 B2u
 Wavenumbers [cm-1]         3378.79     3406.12
 Intensities [km/mol]          0.00        7.61
 Intensities [relative]        0.00        9.11
           GX1              0.00000     0.00000
           GY1             -0.06616    -0.06705
           GZ1              0.00000     0.00000
           GX2              0.00000     0.00000
           GY2              0.06616    -0.06705
           GZ2              0.00000     0.00000
           GX3              0.24888     0.24826
           GY3              0.40001     0.39951
           GZ3              0.00000     0.00000
           GX4              0.24888    -0.24826
           GY4             -0.40001     0.39951
           GZ4              0.00000     0.00000
           GX5             -0.24888    -0.24826
           GY5              0.40001     0.39951
           GZ5              0.00000     0.00000
           GX6             -0.24888     0.24826
           GY6             -0.40001     0.39951
           GZ6              0.00000     0.00000


 Normal Modes of low/zero frequencies

                                  1           2           3           4           5
 Wavenumbers [cm-1]            0.00        0.00        0.00        0.00        0.00
 Intensities [km/mol]          0.00        0.00        0.00        0.00        0.00
 Intensities [relative]        0.00        0.00        0.00        0.00        0.00
           GX1              0.01881     0.18523    -0.02906    -0.01097     0.00158
           GY1              0.05098     0.03248     0.22290     0.02303    -0.02786
           GZ1              0.00819     0.00803    -0.03970     0.23810     0.01958
           GX2              0.01881     0.18523    -0.02906    -0.01097     0.00158
           GY2              0.23872    -0.02323     0.00817    -0.00756    -0.00373
           GZ2             -0.00553    -0.00382    -0.03976    -0.03097     0.09178
           GX3              0.14788     0.14693    -0.17667    -0.03201     0.01817
           GY3             -0.02796     0.05591     0.31318     0.03590    -0.03801
           GZ3              0.02440     0.02047     0.05392     0.36935     0.44844
           GX4              0.14788     0.14693    -0.17667    -0.03201     0.01817
           GY4              0.31765    -0.04666    -0.08212    -0.02043     0.00641
           GZ4             -0.00087    -0.00133     0.05381    -0.12599     0.58136
           GX5             -0.11025     0.22354     0.11856     0.01007    -0.01501
           GY5             -0.02796     0.05591     0.31318     0.03590    -0.03801
           GZ5              0.00353     0.00554    -0.13326     0.33313    -0.47000
           GX6             -0.11025     0.22354     0.11856     0.01007    -0.01501
           GY6              0.31765    -0.04666    -0.08212    -0.02043     0.00641
           GZ6             -0.02174    -0.01626    -0.13338    -0.16221    -0.33708

                                  6
 Wavenumbers [cm-1]            0.00
 Intensities [km/mol]          0.00
 Intensities [relative]        0.00
           GX1             -0.00367
           GY1              0.05543
           GZ1              0.05828
           GX2             -0.00367
           GY2              0.00736
           GZ2              0.22621
           GX3             -0.03671
           GY3              0.07564
           GZ3             -0.17934
           GX4             -0.03671
           GY4             -0.01285
           GZ4              0.12981
           GX5              0.02938
           GY5              0.07564
           GZ5              0.15469
           GX6              0.02938
           GY6             -0.01285
           GZ6              0.46384


 Zero point energy:  0.05590249 [H]    12269.18 [1/CM]      146.77 [KJ/MOL]
 Frequency information read from record  5400.2

 Recomputing wavefunction at initial geometry


 **********************************************************************************************************************************
 DATASETS  * FILE   NREC   LENGTH (MB)   RECORD NAMES
              1      21        6.07       500      610      700      900      950      970     1000      129      960     1100   
                                          VAR    BASINP    GEOM    SYMINP    ZMAT    AOBASIS   BASIS     P2S    ABASIS      S 
                                         1400     1410     1200     1210     1080     1600     1650     1300     1700     1380   
                                           T        V       H0       H01     AOSYM     SMH    MOLCAS    ERIS     OPER     JKOP   
                                         5100   
                                        CPSAMC    

              2      11        1.56       500      610      700     1000     2100     2140     2100(1)  2140(1)  5300     5400   
                                          VAR    BASINP    GEOM     BASIS    MCSCF    MCSCF     RHF     MCSCF    HESS     FREQ   
                                         5450   
                                         NMOD   

 PROGRAMS   *        TOTAL      FREQ      OPTG     MULTI     MULTI       RHF       INT      FILE
 CPU TIMES  *        28.56     24.32      2.45      0.20      0.35      0.18      0.63      0.00
 REAL TIME  *        30.10 SEC
 DISK USED  *        18.01 MB      
 **********************************************************************************************************************************

     OPTG(MULTI)        MULTI           MULTI           RHF-SCF 
    -78.05497508    -78.05497508    -77.50658774    -78.03950958
 **********************************************************************************************************************************
 Variable memory released
